AWE_Activities/app/build/outputs/logs/manifest-merger-debug-report.txt
-- Merging decision tree log ---
manifest
ADDED from src/main/AndroidManifest.xml:2:1-85:12
	package
		ADDED from src/main/AndroidManifest.xml:3:5-51
		INJECTED from src/main/AndroidManifest.xml
		INJECTED from src/main/AndroidManifest.xml
	android:versionName
		INJECTED from src/main/AndroidManifest.xml
		INJECTED from src/main/AndroidManifest.xml
	xmlns:android
		ADDED from src/main/AndroidManifest.xml:2:11-69
	android:versionCode
		INJECTED from src/main/AndroidManifest.xml
		INJECTED from src/main/AndroidManifest.xml
uses-permission#android.permission.GET_ACCOUNTS
ADDED from src/main/AndroidManifest.xml:6:5-71
	android:name
		ADDED from src/main/AndroidManifest.xml:6:22-68
uses-permission#android.permission.READ_PROFILE
ADDED from src/main/AndroidManifest.xml:7:5-71
	android:name
		ADDED from src/main/AndroidManifest.xml:7:22-68
uses-permission#android.permission.READ_CONTACTS
ADDED from src/main/AndroidManifest.xml:8:5-72
	android:name
		ADDED from src/main/AndroidManifest.xml:8:22-69
application
ADDED from src/main/AndroidManifest.xml:10:5-83:19
MERGED from [com.android.support:design:24.2.1] AndroidManifest.xml:22:5-20
MERGED from [com.android.support:appcompat-v7:24.2.1] AndroidManifest.xml:25:5-20
MERGED from [com.android.support:animated-vector-drawable:24.2.1] AndroidManifest.xml:22:5-20
MERGED from [com.android.support:support-v4:24.2.1] AndroidManifest.xml:25:5-20
MERGED from [com.android.support:support-fragment:24.2.1] AndroidManifest.xml:25:5-20
MERGED from [com.android.support:support-media-compat:24.2.1] AndroidManifest.xml:25:5-20
MERGED from [com.android.support:support-core-utils:24.2.1] AndroidManifest.xml:25:5-20
MERGED from [com.android.support:support-core-ui:24.2.1] AndroidManifest.xml:25:5-20
MERGED from [com.android.support:support-vector-drawable:24.2.1] AndroidManifest.xml:23:5-20
MERGED from [com.android.support:support-compat:24.2.1] AndroidManifest.xml:25:5-20
	android:label
		ADDED from src/main/AndroidManifest.xml:13:9-41
	android:supportsRtl
		ADDED from src/main/AndroidManifest.xml:14:9-35
	android:allowBackup
		ADDED from src/main/AndroidManifest.xml:11:9-35
	android:icon
		ADDED from src/main/AndroidManifest.xml:12:9-43
	android:theme
		ADDED from src/main/AndroidManifest.xml:15:9-40
activity#com.example.ohsanghun.awe_activities.MainActivity
ADDED from src/main/AndroidManifest.xml:16:9-22:20
	android:name
		ADDED from src/main/AndroidManifest.xml:16:19-47
intent-filter#android.intent.action.MAIN+android.intent.category.LAUNCHER
ADDED from src/main/AndroidManifest.xml:17:13-21:29
action#android.intent.action.MAIN
ADDED from src/main/AndroidManifest.xml:18:17-69
	android:name
		ADDED from src/main/AndroidManifest.xml:18:25-66
category#android.intent.category.LAUNCHER
ADDED from src/main/AndroidManifest.xml:20:17-77
	android:name
		ADDED from src/main/AndroidManifest.xml:20:27-74
activity#com.example.ohsanghun.awe_activities.BasicActivity
ADDED from src/main/AndroidManifest.xml:23:9-26:59
	android:label
		ADDED from src/main/AndroidManifest.xml:25:13-57
	android:theme
		ADDED from src/main/AndroidManifest.xml:26:13-56
	android:name
		ADDED from src/main/AndroidManifest.xml:24:13-42
activity#com.example.ohsanghun.awe_activities.FullscreenActivity
ADDED from src/main/AndroidManifest.xml:27:9-31:54
	android:label
		ADDED from src/main/AndroidManifest.xml:30:13-62
	android:configChanges
		ADDED from src/main/AndroidManifest.xml:29:13-74
	android:theme
		ADDED from src/main/AndroidManifest.xml:31:13-51
	android:name
		ADDED from src/main/AndroidManifest.xml:28:13-47
activity#com.example.ohsanghun.awe_activities.LoginActivity
ADDED from src/main/AndroidManifest.xml:32:9-34:60
	android:label
		ADDED from src/main/AndroidManifest.xml:34:13-57
	android:name
		ADDED from src/main/AndroidManifest.xml:33:13-42
activity#com.example.ohsanghun.awe_activities.ItemListActivity
ADDED from src/main/AndroidManifest.xml:35:9-43:20
	android:label
		ADDED from src/main/AndroidManifest.xml:37:13-52
	android:parentActivityName
		ADDED from src/main/AndroidManifest.xml:38:13-55
	android:theme
		ADDED from src/main/AndroidManifest.xml:39:13-56
	android:name
		ADDED from src/main/AndroidManifest.xml:36:13-45
meta-data#android.support.PARENT_ACTIVITY
ADDED from src/main/AndroidManifest.xml:40:13-42:85
	android:value
		ADDED from src/main/AndroidManifest.xml:42:17-82
	android:name
		ADDED from src/main/AndroidManifest.xml:41:17-63
activity#com.example.ohsanghun.awe_activities.ItemDetailActivity
ADDED from src/main/AndroidManifest.xml:44:9-52:20
	android:label
		ADDED from src/main/AndroidManifest.xml:46:13-54
	android:parentActivityName
		ADDED from src/main/AndroidManifest.xml:47:13-59
	android:theme
		ADDED from src/main/AndroidManifest.xml:48:13-56
	android:name
		ADDED from src/main/AndroidManifest.xml:45:13-47
activity#com.example.ohsanghun.awe_activities.NavigationDrawerActivity
ADDED from src/main/AndroidManifest.xml:53:9-61:20
	android:label
		ADDED from src/main/AndroidManifest.xml:55:13-62
	android:parentActivityName
		ADDED from src/main/AndroidManifest.xml:56:13-55
	android:theme
		ADDED from src/main/AndroidManifest.xml:57:13-56
	android:name
		ADDED from src/main/AndroidManifest.xml:54:13-53
activity#com.example.ohsanghun.awe_activities.ScrollingActivity
ADDED from src/main/AndroidManifest.xml:62:9-70:20
	android:label
		ADDED from src/main/AndroidManifest.xml:64:13-61
	android:parentActivityName
		ADDED from src/main/AndroidManifest.xml:65:13-55
	android:theme
		ADDED from src/main/AndroidManifest.xml:66:13-56
	android:name
		ADDED from src/main/AndroidManifest.xml:63:13-46
activity#com.example.ohsanghun.awe_activities.SettingsActivity
ADDED from src/main/AndroidManifest.xml:71:9-73:63
	android:label
		ADDED from src/main/AndroidManifest.xml:73:13-60
	android:name
		ADDED from src/main/AndroidManifest.xml:72:13-45
activity#com.example.ohsanghun.awe_activities.TabActivity
ADDED from src/main/AndroidManifest.xml:74:9-82:20
	android:label
		ADDED from src/main/AndroidManifest.xml:76:13-55
	android:parentActivityName
		ADDED from src/main/AndroidManifest.xml:77:13-55
	android:theme
		ADDED from src/main/AndroidManifest.xml:78:13-56
	android:name
		ADDED from src/main/AndroidManifest.xml:75:13-40
uses-sdk
INJECTED from src/main/AndroidManifest.xml reason: use-sdk injection requested
MERGED from [com.android.support:design:24.2.1] AndroidManifest.xml:20:5-43
MERGED from [com.android.support:appcompat-v7:24.2.1] AndroidManifest.xml:21:5-23:78
MERGED from [com.android.support:animated-vector-drawable:24.2.1] AndroidManifest.xml:20:5-44
MERGED from [com.android.support:support-v4:24.2.1] AndroidManifest.xml:21:5-23:54
MERGED from [com.android.support:support-fragment:24.2.1] AndroidManifest.xml:21:5-23:60
MERGED from [com.android.support:support-media-compat:24.2.1] AndroidManifest.xml:21:5-23:63
MERGED from [com.android.support:support-core-utils:24.2.1] AndroidManifest.xml:21:5-23:61
MERGED from [com.android.support:recyclerview-v7:24.2.1] AndroidManifest.xml:20:5-43
MERGED from [com.android.support:support-core-ui:24.2.1] AndroidManifest.xml:21:5-23:58
MERGED from [com.android.support:support-vector-drawable:24.2.1] AndroidManifest.xml:21:5-43
MERGED from [com.android.support:support-compat:24.2.1] AndroidManifest.xml:21:5-23:58
	tools:overrideLibrary
		ADDED from [com.android.support:appcompat-v7:24.2.1] AndroidManifest.xml:23:9-75
	android:targetSdkVersion
		INJECTED from src/main/AndroidManifest.xml
		INJECTED from src/main/AndroidManifest.xml
	android:minSdkVersion
		INJECTED from src/main/AndroidManifest.xml
		INJECTED from src/main/AndroidManifest.xml